Using pre-set license
Built from '2020.3/staging' branch; Version is '2020.3.0f1 (c7b5465681fb) revision 13088070'; Using compiler version '192528614'; Build Type 'Release'
OS: 'Windows 10 Pro; OS build 19044.2130; Version 2009; 64bit' Language: 'es' Physical Memory: 16341 MB
BatchMode: 1, IsHumanControllingUs: 0, StartBugReporterOnCrash: 0, Is64bit: 1, IsPro: 0

 COMMAND LINE ARGUMENTS:
C:\Program Files\Unity\Hub\Editor\2020.3.0f1\Editor\Unity.exe
-adb2
-batchMode
-noUpm
-name
AssetImportWorker0
-projectPath
F:/GAME DEV/UNIAT/MOTORES GRAFICOS 3/Little_Red_Riding_Hood/Little-Red-Riding-Hood
-logFile
Logs/AssetImportWorker0.log
-srvPort
54864
Successfully changed project path to: F:/GAME DEV/UNIAT/MOTORES GRAFICOS 3/Little_Red_Riding_Hood/Little-Red-Riding-Hood
F:/GAME DEV/UNIAT/MOTORES GRAFICOS 3/Little_Red_Riding_Hood/Little-Red-Riding-Hood
Using Asset Import Pipeline V2.
Refreshing native plugins compatible for Editor in 35.79 ms, found 1 plugins.
Preloading 0 native plugins for Editor in 0.00 ms.
Initialize engine version: 2020.3.0f1 (c7b5465681fb)
[Subsystems] Discovering subsystems at path C:/Program Files/Unity/Hub/Editor/2020.3.0f1/Editor/Data/Resources/UnitySubsystems
[Subsystems] Discovering subsystems at path F:/GAME DEV/UNIAT/MOTORES GRAFICOS 3/Little_Red_Riding_Hood/Little-Red-Riding-Hood/Assets
GfxDevice: creating device client; threaded=0
Direct3D:
    Version:  Direct3D 11.0 [level 11.1]
    Renderer: NVIDIA GeForce GTX 1660 SUPER (ID=0x21c4)
    Vendor:   
    VRAM:     5991 MB
    Driver:   30.0.15.1215
Initialize mono
Mono path[0] = 'C:/Program Files/Unity/Hub/Editor/2020.3.0f1/Editor/Data/Managed'
Mono path[1] = 'C:/Program Files/Unity/Hub/Editor/2020.3.0f1/Editor/Data/MonoBleedingEdge/lib/mono/unityjit'
Mono config path = 'C:/Program Files/Unity/Hub/Editor/2020.3.0f1/Editor/Data/MonoBleedingEdge/etc'
Using monoOptions --debugger-agent=transport=dt_socket,embedding=1,server=y,suspend=n,address=127.0.0.1:56896
Begin MonoManager ReloadAssembly
Registering precompiled unity dll's ...
Register platform support module: C:/Program Files/Unity/Hub/Editor/2020.3.0f1/Editor/Data/PlaybackEngines/WebGLSupport/UnityEditor.WebGL.Extensions.dll
Register platform support module: C:/Program Files/Unity/Hub/Editor/2020.3.0f1/Editor/Data/PlaybackEngines/WindowsStandaloneSupport/UnityEditor.WindowsStandalone.Extensions.dll
Registered in 0.002376 seconds.
Native extension for WindowsStandalone target not found
Native extension for WebGL target not found
Refreshing native plugins compatible for Editor in 33.83 ms, found 1 plugins.
Preloading 0 native plugins for Editor in 0.00 ms.
Invoked RoslynAnalysisRunner static constructor.
RoslynAnalysisRunner will not be running.
RoslynAnalysisRunner has terminated.
Mono: successfully reloaded assembly
- Completed reload, in  1.231 seconds
Platform modules already initialized, skipping
Registering precompiled user dll's ...
Registered in 0.000706 seconds.
Begin MonoManager ReloadAssembly
Native extension for WindowsStandalone target not found
Native extension for WebGL target not found
Refreshing native plugins compatible for Editor in 34.28 ms, found 1 plugins.
Preloading 0 native plugins for Editor in 0.00 ms.
Invoked RoslynAnalysisRunner static constructor.
RoslynAnalysisRunner will not be running.
RoslynAnalysisRunner has terminated.
Mono: successfully reloaded assembly
- Completed reload, in  0.917 seconds
Platform modules already initialized, skipping
========================================================================
Worker process is ready to serve import requests
Launched and connected shader compiler UnityShaderCompiler.exe after 0.06 seconds
Refreshing native plugins compatible for Editor in 0.32 ms, found 1 plugins.
Preloading 0 native plugins for Editor in 0.00 ms.
Unloading 1824 Unused Serialized files (Serialized files now loaded: 0)
System memory in use before: 87.3 MB.
System memory in use after: 87.3 MB.

Unloading 24 unused Assets to reduce memory usage. Loaded Objects now: 2268.
Total: 2.182300 ms (FindLiveObjects: 0.178700 ms CreateObjectMapping: 0.048000 ms MarkObjects: 1.807600 ms  DeleteObjects: 0.146600 ms)

========================================================================
Received Import Request.
  path: Assets/Sprites/Caperusita/itch light atk sheet-Sheet.png
  artifactKey: Guid(437186ac9252ddb47ade86cdf9c4aff3) Importer(815301076,1909f56bfc062723c751e8b465ee728b)
Start importing Assets/Sprites/Caperusita/itch light atk sheet-Sheet.png using Guid(437186ac9252ddb47ade86cdf9c4aff3) Importer(815301076,1909f56bfc062723c751e8b465ee728b)  -> (artifact id: '6ce0d93bad48f2a5d5e3fc7dd46be2fb') in 0.140037 seconds
  Import took 0.143205 seconds .

========================================================================
Received Import Request.
  Time since last request: 0.000339 seconds.
  path: Assets/Sprites/Caperusita/itch hurt 2 sheet-Sheet.png
  artifactKey: Guid(817f2ade0a5f14345acbc0620515782e) Importer(815301076,1909f56bfc062723c751e8b465ee728b)
Start importing Assets/Sprites/Caperusita/itch hurt 2 sheet-Sheet.png using Guid(817f2ade0a5f14345acbc0620515782e) Importer(815301076,1909f56bfc062723c751e8b465ee728b)  -> (artifact id: 'b5c691f8a90065d210f8308845cfcf17') in 0.017898 seconds
  Import took 0.021246 seconds .

========================================================================
Received Import Request.
  Time since last request: 0.000276 seconds.
  path: Assets/Sprites/Caperusita/itch run-Sheet sheet.png
  artifactKey: Guid(391e36fa617480044b6726bfb2922f8c) Importer(815301076,1909f56bfc062723c751e8b465ee728b)
Start importing Assets/Sprites/Caperusita/itch run-Sheet sheet.png using Guid(391e36fa617480044b6726bfb2922f8c) Importer(815301076,1909f56bfc062723c751e8b465ee728b)  -> (artifact id: 'b25103b6f5583c7d17afa2944c3e37e5') in 0.016239 seconds
  Import took 0.019012 seconds .

========================================================================
Received Import Request.
  Time since last request: 0.000286 seconds.
  path: Assets/Sprites/Caperusita/itch jump sheet-Sheet.png
  artifactKey: Guid(5beab1e20352cc044aae62a9654fd58c) Importer(815301076,1909f56bfc062723c751e8b465ee728b)
Start importing Assets/Sprites/Caperusita/itch jump sheet-Sheet.png using Guid(5beab1e20352cc044aae62a9654fd58c) Importer(815301076,1909f56bfc062723c751e8b465ee728b)  -> (artifact id: '9ccb03d42d6681c88ab9250f52914906') in 0.016705 seconds
  Import took 0.021285 seconds .

========================================================================
Received Import Request.
  Time since last request: 46.886533 seconds.
  path: Assets/Sprites/Caperusita/idle sheet-Sheet.png
  artifactKey: Guid(11eb639715d33094e8062d6a82f9888e) Importer(815301076,1909f56bfc062723c751e8b465ee728b)
Start importing Assets/Sprites/Caperusita/idle sheet-Sheet.png using Guid(11eb639715d33094e8062d6a82f9888e) Importer(815301076,1909f56bfc062723c751e8b465ee728b)  -> (artifact id: '2709773c0662e795c5f1c6a9c5d4be04') in 0.011233 seconds
  Import took 0.014408 seconds .

========================================================================
Received Import Request.
  Time since last request: 0.001455 seconds.
  path: Assets/Sprites/Caperusita/idle sheet-Sheet.png
  artifactKey: Guid(11eb639715d33094e8062d6a82f9888e) Importer(815301076,1909f56bfc062723c751e8b465ee728b)
Start importing Assets/Sprites/Caperusita/idle sheet-Sheet.png using Guid(11eb639715d33094e8062d6a82f9888e) Importer(815301076,1909f56bfc062723c751e8b465ee728b)  -> (artifact id: '2709773c0662e795c5f1c6a9c5d4be04') in 0.011062 seconds
  Import took 0.015495 seconds .

========================================================================
Received Import Request.
  Time since last request: 8.770885 seconds.
  path: Assets/Sprites/Caperusita/idle sheet-Sheet.png
  artifactKey: Guid(11eb639715d33094e8062d6a82f9888e) Importer(815301076,1909f56bfc062723c751e8b465ee728b)
Start importing Assets/Sprites/Caperusita/idle sheet-Sheet.png using Guid(11eb639715d33094e8062d6a82f9888e) Importer(815301076,1909f56bfc062723c751e8b465ee728b)  -> (artifact id: 'e2a90f45b6c9092620efb7fe6015902a') in 0.066545 seconds
  Import took 0.069945 seconds .

========================================================================
Received Import Request.
  Time since last request: 260.992556 seconds.
  path: Assets/Sprites/Caperusita/itch run-Sheet sheet.png
  artifactKey: Guid(391e36fa617480044b6726bfb2922f8c) Importer(815301076,1909f56bfc062723c751e8b465ee728b)
Start importing Assets/Sprites/Caperusita/itch run-Sheet sheet.png using Guid(391e36fa617480044b6726bfb2922f8c) Importer(815301076,1909f56bfc062723c751e8b465ee728b)  -> (artifact id: '8a4eff4236ed08b4d3600d6d04262c26') in 0.011347 seconds
  Import took 0.015522 seconds .

========================================================================
Received Import Request.
  Time since last request: 0.001982 seconds.
  path: Assets/Sprites/Caperusita/itch run-Sheet sheet.png
  artifactKey: Guid(391e36fa617480044b6726bfb2922f8c) Importer(815301076,1909f56bfc062723c751e8b465ee728b)
Start importing Assets/Sprites/Caperusita/itch run-Sheet sheet.png using Guid(391e36fa617480044b6726bfb2922f8c) Importer(815301076,1909f56bfc062723c751e8b465ee728b)  -> (artifact id: '8a4eff4236ed08b4d3600d6d04262c26') in 0.011260 seconds
  Import took 0.014878 seconds .

========================================================================
Received Import Request.
  Time since last request: 10.978965 seconds.
  path: Assets/Sprites/Caperusita/itch run-Sheet sheet.png
  artifactKey: Guid(391e36fa617480044b6726bfb2922f8c) Importer(815301076,1909f56bfc062723c751e8b465ee728b)
Start importing Assets/Sprites/Caperusita/itch run-Sheet sheet.png using Guid(391e36fa617480044b6726bfb2922f8c) Importer(815301076,1909f56bfc062723c751e8b465ee728b)  -> (artifact id: '568e917b7ffa7d1f941cecb8b48e0e7e') in 0.072727 seconds
  Import took 0.076023 seconds .

========================================================================
Received Prepare
Registering precompiled user dll's ...
Registered in 0.000734 seconds.
Begin MonoManager ReloadAssembly
Native extension for WindowsStandalone target not found
Native extension for WebGL target not found
Refreshing native plugins compatible for Editor in 0.33 ms, found 1 plugins.
Preloading 0 native plugins for Editor in 0.00 ms.
Invoked RoslynAnalysisRunner static constructor.
RoslynAnalysisRunner will not be running.
RoslynAnalysisRunner has terminated.
Mono: successfully reloaded assembly
- Completed reload, in  0.805 seconds
Platform modules already initialized, skipping
Refreshing native plugins compatible for Editor in 0.34 ms, found 1 plugins.
Preloading 0 native plugins for Editor in 0.00 ms.
Unloading 1806 Unused Serialized files (Serialized files now loaded: 0)
System memory in use before: 89.4 MB.
System memory in use after: 89.4 MB.

Unloading 12 unused Assets to reduce memory usage. Loaded Objects now: 2346.
Total: 2.253900 ms (FindLiveObjects: 0.235700 ms CreateObjectMapping: 0.101700 ms MarkObjects: 1.780000 ms  DeleteObjects: 0.134800 ms)

========================================================================
Received Import Request.
  Time since last request: 677.984329 seconds.
  path: Assets/Sprites/Caperusita/itch jump sheet-Sheet.png
  artifactKey: Guid(5beab1e20352cc044aae62a9654fd58c) Importer(815301076,1909f56bfc062723c751e8b465ee728b)
Start importing Assets/Sprites/Caperusita/itch jump sheet-Sheet.png using Guid(5beab1e20352cc044aae62a9654fd58c) Importer(815301076,1909f56bfc062723c751e8b465ee728b)  -> (artifact id: 'dfa5696b11475efef32e8b3172e1ef42') in 0.052378 seconds
  Import took 0.055873 seconds .

========================================================================
Received Import Request.
  Time since last request: 10.190417 seconds.
  path: Assets/Sprites/Caperusita/itch jump sheet-Sheet.png
  artifactKey: Guid(5beab1e20352cc044aae62a9654fd58c) Importer(815301076,1909f56bfc062723c751e8b465ee728b)
Start importing Assets/Sprites/Caperusita/itch jump sheet-Sheet.png using Guid(5beab1e20352cc044aae62a9654fd58c) Importer(815301076,1909f56bfc062723c751e8b465ee728b)  -> (artifact id: 'd2776f1804b8fe735db7c11e77b715b9') in 0.085951 seconds
  Import took 0.089492 seconds .

========================================================================
Received Import Request.
  Time since last request: 1941.704734 seconds.
  path: Assets/Animations/caperusita/Player.controller
  artifactKey: Guid(156969a8079f14e4eb2a3f716cca9589) Importer(815301076,1909f56bfc062723c751e8b465ee728b)
Start importing Assets/Animations/caperusita/Player.controller using Guid(156969a8079f14e4eb2a3f716cca9589) Importer(815301076,1909f56bfc062723c751e8b465ee728b)  -> (artifact id: 'e2f255582ebd41c3921808f36fa85195') in 0.027077 seconds
  Import took 0.033228 seconds .

========================================================================
Received Import Request.
  Time since last request: 449.458257 seconds.
  path: Assets/Animations/caperusita/Player.controller
  artifactKey: Guid(156969a8079f14e4eb2a3f716cca9589) Importer(815301076,1909f56bfc062723c751e8b465ee728b)
Start importing Assets/Animations/caperusita/Player.controller using Guid(156969a8079f14e4eb2a3f716cca9589) Importer(815301076,1909f56bfc062723c751e8b465ee728b)  -> (artifact id: 'aa7baab6bc09b3fff1db451d332af9f3') in 0.006514 seconds
  Import took 0.010411 seconds .

========================================================================
Received Prepare
Registering precompiled user dll's ...
Registered in 0.000840 seconds.
Begin MonoManager ReloadAssembly
Native extension for WindowsStandalone target not found
Native extension for WebGL target not found
Refreshing native plugins compatible for Editor in 0.33 ms, found 1 plugins.
Preloading 0 native plugins for Editor in 0.00 ms.
Invoked RoslynAnalysisRunner static constructor.
RoslynAnalysisRunner will not be running.
RoslynAnalysisRunner has terminated.
Mono: successfully reloaded assembly
- Completed reload, in  0.826 seconds
Platform modules already initialized, skipping
Refreshing native plugins compatible for Editor in 0.34 ms, found 1 plugins.
Preloading 0 native plugins for Editor in 0.00 ms.
Unloading 1806 Unused Serialized files (Serialized files now loaded: 0)
System memory in use before: 89.5 MB.
System memory in use after: 89.5 MB.

Unloading 12 unused Assets to reduce memory usage. Loaded Objects now: 2381.
Total: 1.923300 ms (FindLiveObjects: 0.215700 ms CreateObjectMapping: 0.070700 ms MarkObjects: 1.479900 ms  DeleteObjects: 0.155800 ms)

========================================================================
Received Prepare
Registering precompiled user dll's ...
Registered in 0.000761 seconds.
Begin MonoManager ReloadAssembly
Native extension for WindowsStandalone target not found
Native extension for WebGL target not found
Refreshing native plugins compatible for Editor in 0.35 ms, found 1 plugins.
Preloading 0 native plugins for Editor in 0.00 ms.
Invoked RoslynAnalysisRunner static constructor.
RoslynAnalysisRunner will not be running.
RoslynAnalysisRunner has terminated.
Mono: successfully reloaded assembly
- Completed reload, in  0.814 seconds
Platform modules already initialized, skipping
Refreshing native plugins compatible for Editor in 0.33 ms, found 1 plugins.
Preloading 0 native plugins for Editor in 0.00 ms.
Unloading 1806 Unused Serialized files (Serialized files now loaded: 0)
System memory in use before: 89.5 MB.
System memory in use after: 89.5 MB.

Unloading 12 unused Assets to reduce memory usage. Loaded Objects now: 2385.
Total: 1.968400 ms (FindLiveObjects: 0.204400 ms CreateObjectMapping: 0.072400 ms MarkObjects: 1.555500 ms  DeleteObjects: 0.135000 ms)

========================================================================
Received Prepare
Registering precompiled user dll's ...
Registered in 0.000751 seconds.
Begin MonoManager ReloadAssembly
Native extension for WindowsStandalone target not found
Native extension for WebGL target not found
Refreshing native plugins compatible for Editor in 0.36 ms, found 1 plugins.
Preloading 0 native plugins for Editor in 0.00 ms.
Invoked RoslynAnalysisRunner static constructor.
RoslynAnalysisRunner will not be running.
RoslynAnalysisRunner has terminated.
Mono: successfully reloaded assembly
- Completed reload, in  0.798 seconds
Platform modules already initialized, skipping
Refreshing native plugins compatible for Editor in 0.34 ms, found 1 plugins.
Preloading 0 native plugins for Editor in 0.00 ms.
Unloading 1806 Unused Serialized files (Serialized files now loaded: 0)
System memory in use before: 89.6 MB.
System memory in use after: 89.6 MB.

Unloading 12 unused Assets to reduce memory usage. Loaded Objects now: 2389.
Total: 2.111300 ms (FindLiveObjects: 0.239700 ms CreateObjectMapping: 0.099700 ms MarkObjects: 1.629900 ms  DeleteObjects: 0.140600 ms)

========================================================================
Received Prepare
Registering precompiled user dll's ...
Registered in 0.000720 seconds.
Begin MonoManager ReloadAssembly
Native extension for WindowsStandalone target not found
Native extension for WebGL target not found
Refreshing native plugins compatible for Editor in 0.45 ms, found 1 plugins.
Preloading 0 native plugins for Editor in 0.00 ms.
Invoked RoslynAnalysisRunner static constructor.
RoslynAnalysisRunner will not be running.
RoslynAnalysisRunner has terminated.
Mono: successfully reloaded assembly
- Completed reload, in  0.805 seconds
Platform modules already initialized, skipping
Refreshing native plugins compatible for Editor in 0.38 ms, found 1 plugins.
Preloading 0 native plugins for Editor in 0.00 ms.
Unloading 1806 Unused Serialized files (Serialized files now loaded: 0)
System memory in use before: 89.6 MB.
System memory in use after: 89.6 MB.

Unloading 12 unused Assets to reduce memory usage. Loaded Objects now: 2393.
Total: 2.531100 ms (FindLiveObjects: 0.220900 ms CreateObjectMapping: 0.130500 ms MarkObjects: 2.061500 ms  DeleteObjects: 0.117100 ms)

========================================================================
Received Prepare
Registering precompiled user dll's ...
Registered in 0.000725 seconds.
Begin MonoManager ReloadAssembly
Native extension for WindowsStandalone target not found
Native extension for WebGL target not found
Refreshing native plugins compatible for Editor in 0.41 ms, found 1 plugins.
Preloading 0 native plugins for Editor in 0.00 ms.
Invoked RoslynAnalysisRunner static constructor.
RoslynAnalysisRunner will not be running.
RoslynAnalysisRunner has terminated.
Mono: successfully reloaded assembly
- Completed reload, in  1.105 seconds
Platform modules already initialized, skipping
Refreshing native plugins compatible for Editor in 0.40 ms, found 1 plugins.
Preloading 0 native plugins for Editor in 0.00 ms.
Unloading 1806 Unused Serialized files (Serialized files now loaded: 0)
System memory in use before: 89.6 MB.
System memory in use after: 89.6 MB.

Unloading 12 unused Assets to reduce memory usage. Loaded Objects now: 2397.
Total: 2.437700 ms (FindLiveObjects: 0.196500 ms CreateObjectMapping: 0.067000 ms MarkObjects: 2.036100 ms  DeleteObjects: 0.136900 ms)

========================================================================
Received Prepare
Registering precompiled user dll's ...
Registered in 0.000826 seconds.
Begin MonoManager ReloadAssembly
Native extension for WindowsStandalone target not found
Native extension for WebGL target not found
Refreshing native plugins compatible for Editor in 0.42 ms, found 1 plugins.
Preloading 0 native plugins for Editor in 0.00 ms.
Invoked RoslynAnalysisRunner static constructor.
RoslynAnalysisRunner will not be running.
RoslynAnalysisRunner has terminated.
Mono: successfully reloaded assembly
- Completed reload, in  0.810 seconds
Platform modules already initialized, skipping
Refreshing native plugins compatible for Editor in 0.35 ms, found 1 plugins.
Preloading 0 native plugins for Editor in 0.00 ms.
Unloading 1806 Unused Serialized files (Serialized files now loaded: 0)
System memory in use before: 89.6 MB.
System memory in use after: 89.6 MB.

Unloading 12 unused Assets to reduce memory usage. Loaded Objects now: 2401.
Total: 2.449900 ms (FindLiveObjects: 0.225100 ms CreateObjectMapping: 0.097800 ms MarkObjects: 2.012500 ms  DeleteObjects: 0.112800 ms)

========================================================================
Received Prepare
Registering precompiled user dll's ...
Registered in 0.000722 seconds.
Begin MonoManager ReloadAssembly
Native extension for WindowsStandalone target not found
Native extension for WebGL target not found
Refreshing native plugins compatible for Editor in 0.45 ms, found 1 plugins.
Preloading 0 native plugins for Editor in 0.00 ms.
Invoked RoslynAnalysisRunner static constructor.
RoslynAnalysisRunner will not be running.
RoslynAnalysisRunner has terminated.
Mono: successfully reloaded assembly
- Completed reload, in  0.813 seconds
Platform modules already initialized, skipping
Refreshing native plugins compatible for Editor in 0.44 ms, found 1 plugins.
Preloading 0 native plugins for Editor in 0.00 ms.
Unloading 1806 Unused Serialized files (Serialized files now loaded: 0)
System memory in use before: 89.6 MB.
System memory in use after: 89.6 MB.

Unloading 12 unused Assets to reduce memory usage. Loaded Objects now: 2405.
Total: 2.130200 ms (FindLiveObjects: 0.184900 ms CreateObjectMapping: 0.059100 ms MarkObjects: 1.755700 ms  DeleteObjects: 0.129500 ms)

========================================================================
Received Prepare
Registering precompiled user dll's ...
Registered in 0.000796 seconds.
Begin MonoManager ReloadAssembly
Native extension for WindowsStandalone target not found
Native extension for WebGL target not found
Refreshing native plugins compatible for Editor in 0.34 ms, found 1 plugins.
Preloading 0 native plugins for Editor in 0.00 ms.
Invoked RoslynAnalysisRunner static constructor.
RoslynAnalysisRunner will not be running.
RoslynAnalysisRunner has terminated.
Mono: successfully reloaded assembly
- Completed reload, in  0.814 seconds
Platform modules already initialized, skipping
Refreshing native plugins compatible for Editor in 0.34 ms, found 1 plugins.
Preloading 0 native plugins for Editor in 0.00 ms.
Unloading 1806 Unused Serialized files (Serialized files now loaded: 0)
System memory in use before: 89.6 MB.
System memory in use after: 89.6 MB.

Unloading 12 unused Assets to reduce memory usage. Loaded Objects now: 2409.
Total: 2.318900 ms (FindLiveObjects: 0.214400 ms CreateObjectMapping: 0.074200 ms MarkObjects: 1.915400 ms  DeleteObjects: 0.113700 ms)

========================================================================
Received Import Request.
  Time since last request: 807.468628 seconds.
  path: Assets/Animations/caperusita/Player.controller
  artifactKey: Guid(156969a8079f14e4eb2a3f716cca9589) Importer(815301076,1909f56bfc062723c751e8b465ee728b)
Start importing Assets/Animations/caperusita/Player.controller using Guid(156969a8079f14e4eb2a3f716cca9589) Importer(815301076,1909f56bfc062723c751e8b465ee728b)  -> (artifact id: 'b1eec57d10dac510979f39d2cf749c2c') in 0.022102 seconds
  Import took 0.028468 seconds .

========================================================================
Received Prepare
Registering precompiled user dll's ...
Registered in 0.000729 seconds.
Begin MonoManager ReloadAssembly
Native extension for WindowsStandalone target not found
Native extension for WebGL target not found
Refreshing native plugins compatible for Editor in 0.50 ms, found 1 plugins.
Preloading 0 native plugins for Editor in 0.00 ms.
Invoked RoslynAnalysisRunner static constructor.
RoslynAnalysisRunner will not be running.
RoslynAnalysisRunner has terminated.
Mono: successfully reloaded assembly
- Completed reload, in  0.816 seconds
Platform modules already initialized, skipping
Refreshing native plugins compatible for Editor in 0.34 ms, found 1 plugins.
Preloading 0 native plugins for Editor in 0.00 ms.
Unloading 1806 Unused Serialized files (Serialized files now loaded: 0)
System memory in use before: 89.6 MB.
System memory in use after: 89.6 MB.

Unloading 12 unused Assets to reduce memory usage. Loaded Objects now: 2413.
Total: 2.346100 ms (FindLiveObjects: 0.235900 ms CreateObjectMapping: 0.080900 ms MarkObjects: 1.917000 ms  DeleteObjects: 0.111100 ms)

========================================================================
Received Prepare
Registering precompiled user dll's ...
Registered in 0.000828 seconds.
Begin MonoManager ReloadAssembly
Native extension for WindowsStandalone target not found
Native extension for WebGL target not found
Refreshing native plugins compatible for Editor in 0.40 ms, found 1 plugins.
Preloading 0 native plugins for Editor in 0.00 ms.
Invoked RoslynAnalysisRunner static constructor.
RoslynAnalysisRunner will not be running.
RoslynAnalysisRunner has terminated.
Mono: successfully reloaded assembly
- Completed reload, in  0.854 seconds
Platform modules already initialized, skipping
Refreshing native plugins compatible for Editor in 0.34 ms, found 1 plugins.
Preloading 0 native plugins for Editor in 0.00 ms.
Unloading 1806 Unused Serialized files (Serialized files now loaded: 0)
System memory in use before: 89.6 MB.
System memory in use after: 89.6 MB.

Unloading 12 unused Assets to reduce memory usage. Loaded Objects now: 2417.
Total: 2.018500 ms (FindLiveObjects: 0.213000 ms CreateObjectMapping: 0.081700 ms MarkObjects: 1.599000 ms  DeleteObjects: 0.123700 ms)

========================================================================
Received Import Request.
  Time since last request: 800.677831 seconds.
  path: Assets/Sprites/Caperusita/itch hurt 2 sheet-Sheet.png
  artifactKey: Guid(817f2ade0a5f14345acbc0620515782e) Importer(815301076,1909f56bfc062723c751e8b465ee728b)
Start importing Assets/Sprites/Caperusita/itch hurt 2 sheet-Sheet.png using Guid(817f2ade0a5f14345acbc0620515782e) Importer(815301076,1909f56bfc062723c751e8b465ee728b)  -> (artifact id: '98fdb509d8ec8bb2923a4948b2d5950a') in 0.047107 seconds
  Import took 0.051421 seconds .

========================================================================
Received Import Request.
  Time since last request: 5.426295 seconds.
  path: Assets/Sprites/Caperusita/itch hurt 2 sheet-Sheet.png
  artifactKey: Guid(817f2ade0a5f14345acbc0620515782e) Importer(815301076,1909f56bfc062723c751e8b465ee728b)
Start importing Assets/Sprites/Caperusita/itch hurt 2 sheet-Sheet.png using Guid(817f2ade0a5f14345acbc0620515782e) Importer(815301076,1909f56bfc062723c751e8b465ee728b)  -> (artifact id: '77264994c338409c65d26d34bdba43c8') in 0.046989 seconds
  Import took 0.051066 seconds .

========================================================================
Received Prepare
Registering precompiled user dll's ...
Registered in 0.000762 seconds.
Begin MonoManager ReloadAssembly
Native extension for WindowsStandalone target not found
Native extension for WebGL target not found
Refreshing native plugins compatible for Editor in 0.32 ms, found 1 plugins.
Preloading 0 native plugins for Editor in 0.00 ms.
Invoked RoslynAnalysisRunner static constructor.
RoslynAnalysisRunner will not be running.
RoslynAnalysisRunner has terminated.
Mono: successfully reloaded assembly
- Completed reload, in  0.853 seconds
Platform modules already initialized, skipping
Refreshing native plugins compatible for Editor in 0.43 ms, found 1 plugins.
Preloading 0 native plugins for Editor in 0.00 ms.
Unloading 1806 Unused Serialized files (Serialized files now loaded: 0)
System memory in use before: 89.7 MB.
System memory in use after: 89.7 MB.

Unloading 12 unused Assets to reduce memory usage. Loaded Objects now: 2428.
Total: 2.601700 ms (FindLiveObjects: 0.354500 ms CreateObjectMapping: 0.122500 ms MarkObjects: 1.970500 ms  DeleteObjects: 0.152800 ms)

========================================================================
Received Import Request.
  Time since last request: 1459.414842 seconds.
  path: ProjectSettings/TagManager.asset
  artifactKey: Guid(00000000000000003000000000000000) Importer(815301076,1909f56bfc062723c751e8b465ee728b)
Start importing ProjectSettings/TagManager.asset using Guid(00000000000000003000000000000000) Importer(815301076,1909f56bfc062723c751e8b465ee728b)  -> (artifact id: '779d5949113fa91bb85f64f090860d93') in 0.018862 seconds
  Import took 0.022224 seconds .

========================================================================
Received Prepare
Registering precompiled user dll's ...
Registered in 0.000731 seconds.
Begin MonoManager ReloadAssembly
Native extension for WindowsStandalone target not found
Native extension for WebGL target not found
Refreshing native plugins compatible for Editor in 0.34 ms, found 1 plugins.
Preloading 0 native plugins for Editor in 0.00 ms.
Invoked RoslynAnalysisRunner static constructor.
RoslynAnalysisRunner will not be running.
RoslynAnalysisRunner has terminated.
Mono: successfully reloaded assembly
- Completed reload, in  0.809 seconds
Platform modules already initialized, skipping
Refreshing native plugins compatible for Editor in 0.38 ms, found 1 plugins.
Preloading 0 native plugins for Editor in 0.00 ms.
Unloading 1806 Unused Serialized files (Serialized files now loaded: 0)
System memory in use before: 89.7 MB.
System memory in use after: 89.7 MB.

Unloading 13 unused Assets to reduce memory usage. Loaded Objects now: 2432.
Total: 2.281700 ms (FindLiveObjects: 0.255400 ms CreateObjectMapping: 0.065600 ms MarkObjects: 1.706100 ms  DeleteObjects: 0.253500 ms)

========================================================================
Received Prepare
Registering precompiled user dll's ...
Registered in 0.000753 seconds.
Begin MonoManager ReloadAssembly
Native extension for WindowsStandalone target not found
Native extension for WebGL target not found
Refreshing native plugins compatible for Editor in 0.33 ms, found 1 plugins.
Preloading 0 native plugins for Editor in 0.00 ms.
Invoked RoslynAnalysisRunner static constructor.
RoslynAnalysisRunner will not be running.
RoslynAnalysisRunner has terminated.
Mono: successfully reloaded assembly
- Completed reload, in  0.804 seconds
Platform modules already initialized, skipping
Refreshing native plugins compatible for Editor in 0.35 ms, found 1 plugins.
Preloading 0 native plugins for Editor in 0.00 ms.
Unloading 1806 Unused Serialized files (Serialized files now loaded: 0)
System memory in use before: 89.7 MB.
System memory in use after: 89.7 MB.

Unloading 12 unused Assets to reduce memory usage. Loaded Objects now: 2436.
Total: 2.068100 ms (FindLiveObjects: 0.187700 ms CreateObjectMapping: 0.069300 ms MarkObjects: 1.690500 ms  DeleteObjects: 0.119600 ms)

========================================================================
Received Prepare
Registering precompiled user dll's ...
Registered in 0.000999 seconds.
Begin MonoManager ReloadAssembly
Native extension for WindowsStandalone target not found
Native extension for WebGL target not found
Refreshing native plugins compatible for Editor in 0.34 ms, found 1 plugins.
Preloading 0 native plugins for Editor in 0.00 ms.
Invoked RoslynAnalysisRunner static constructor.
RoslynAnalysisRunner will not be running.
RoslynAnalysisRunner has terminated.
Mono: successfully reloaded assembly
- Completed reload, in  0.771 seconds
Platform modules already initialized, skipping
Refreshing native plugins compatible for Editor in 0.35 ms, found 1 plugins.
Preloading 0 native plugins for Editor in 0.00 ms.
Unloading 1806 Unused Serialized files (Serialized files now loaded: 0)
System memory in use before: 89.7 MB.
System memory in use after: 89.7 MB.

Unloading 12 unused Assets to reduce memory usage. Loaded Objects now: 2440.
Total: 2.091200 ms (FindLiveObjects: 0.193500 ms CreateObjectMapping: 0.067700 ms MarkObjects: 1.690700 ms  DeleteObjects: 0.138300 ms)

AssetImportWorkerClient::OnTransportError - code=2 error=End of file
